[17-Apr-2024 04:49:28 Europe/Berlin] Error retrieving lecturer ID for subject COS30019: Unknown column 'lect_id' in 'field list'
[17-Apr-2024 04:49:59 Europe/Berlin] Error retrieving lecturer ID for subject COS30019: Unknown column 'lect_id' in 'field list'
[17-Apr-2024 05:05:56 Europe/Berlin] PHP Warning:  Undefined array key "state" in C:\xampp\htdocs\INTI\Student\LeaveApplication.php on line 120
[17-Apr-2024 05:47:04 Europe/Berlin] No subjects were added.
[17-Apr-2024 05:47:28 Europe/Berlin] No subjects were added.
[17-Apr-2024 05:53:16 Europe/Berlin] PHP Warning:  Undefined variable $request_result in C:\xampp\htdocs\INTI\Student\LeaveSubmit.php on line 72
[17-Apr-2024 05:53:16 Europe/Berlin] Error inserting record into lecturer_approval table for subject COS30019: Unknown column 'approval_status' in 'field list'
[17-Apr-2024 05:53:39 Europe/Berlin] Error inserting record into lecturer_approval table for subject COS30019: Unknown column 'approval_status' in 'field list'
[17-Apr-2024 06:12:58 Europe/Berlin] No subjects were added.
[17-Apr-2024 06:13:15 Europe/Berlin] No subjects were added.
[18-Apr-2024 16:16:54 Europe/Berlin] Error inserting record into hop_approval tableDuplicate entry '0' for key 'PRIMARY'
[18-Apr-2024 16:16:54 Europe/Berlin] Error inserting record into hop_approval tableDuplicate entry '0' for key 'PRIMARY'
[19-Apr-2024 12:30:48 Europe/Berlin] Error inserting record into lecturer_approval table for subject COS10009: 
[19-Apr-2024 12:31:16 Europe/Berlin] Error inserting record into lecturer_approval table for subject COS10009: 
[19-Apr-2024 13:19:18 Europe/Berlin] Error inserting leave application for subject COS30019: You have an error in your SQL syntax; check the manual that corresponds to your MariaDB server version for the right syntax to use near ')' at line 3
[19-Apr-2024 13:19:59 Europe/Berlin] Error inserting leave application for subject COS30019: You have an error in your SQL syntax; check the manual that corresponds to your MariaDB server version for the right syntax to use near ')' at line 3
[19-Apr-2024 13:30:45 Europe/Berlin] Error inserting leave application for subject COS30019: You have an error in your SQL syntax; check the manual that corresponds to your MariaDB server version for the right syntax to use near ')' at line 3
[19-Apr-2024 13:32:08 Europe/Berlin] Error inserting leave application for subject COS30019: You have an error in your SQL syntax; check the manual that corresponds to your MariaDB server version for the right syntax to use near ')' at line 3
[19-Apr-2024 13:32:35 Europe/Berlin] Error inserting leave application for subject COS30019: You have an error in your SQL syntax; check the manual that corresponds to your MariaDB server version for the right syntax to use near ')' at line 3
[19-Apr-2024 13:33:35 Europe/Berlin] Error inserting record into hop_approval tableColumn count doesn't match value count at row 1
[19-Apr-2024 13:33:35 Europe/Berlin] Error inserting record into lecturer_approval table for subject COS30019: Column count doesn't match value count at row 1
[19-Apr-2024 13:34:04 Europe/Berlin] Error inserting leave application for subject COS30019: Column count doesn't match value count at row 1
[19-Apr-2024 13:35:42 Europe/Berlin] PHP Warning:  Undefined variable $destination in C:\xampp\htdocs\INTI\Student\LeaveSubmit.php on line 32
[19-Apr-2024 13:35:42 Europe/Berlin] PHP Warning:  move_uploaded_file(): Unable to move &quot;C:\xampp\tmp\php32FD.tmp&quot; to &quot;&quot; in C:\xampp\htdocs\INTI\Student\LeaveSubmit.php on line 32
[19-Apr-2024 13:35:42 Europe/Berlin] PHP Fatal error:  Uncaught ValueError: Path cannot be empty in C:\xampp\htdocs\INTI\Student\LeaveSubmit.php:32
Stack trace:
#0 C:\xampp\htdocs\INTI\Student\LeaveSubmit.php(32): move_uploaded_file('C:\\xampp\\tmp\\ph...', '')
#1 {main}
  thrown in C:\xampp\htdocs\INTI\Student\LeaveSubmit.php on line 32
[19-Apr-2024 13:35:57 Europe/Berlin] Error inserting leave application for subject COS30019: Column count doesn't match value count at row 1
[19-Apr-2024 13:37:07 Europe/Berlin] Error inserting leave application for subject COS30019: Column count doesn't match value count at row 1
[19-Apr-2024 13:38:16 Europe/Berlin] Error inserting leave application for subject COS30019: Column count doesn't match value count at row 1
[19-Apr-2024 13:38:46 Europe/Berlin] Error inserting record into hop_approval tableColumn count doesn't match value count at row 1
[19-Apr-2024 13:38:46 Europe/Berlin] Error inserting record into lecturer_approval table for subject COS30019: Column count doesn't match value count at row 1
[21-Apr-2024 08:12:00 Europe/Berlin] Error inserting leave application for subject COS30019: You have an error in your SQL syntax; check the manual that corresponds to your MariaDB server version for the right syntax to use near 'hop_approval) 
            VALUES ('J22036755', 'Rodrikco Tiovandy', 'COS300...' at line 2
[21-Apr-2024 09:19:43 Europe/Berlin] PHP Warning:  Undefined variable $getStudentInfo in C:\xampp\htdocs\INTI\Student\LeaveSubmit.php on line 19
[21-Apr-2024 09:19:43 Europe/Berlin] PHP Warning:  Trying to access array offset on value of type null in C:\xampp\htdocs\INTI\Student\LeaveSubmit.php on line 19
[21-Apr-2024 09:20:12 Europe/Berlin] PHP Warning:  Undefined variable $StudentInfo in C:\xampp\htdocs\INTI\Student\LeaveSubmit.php on line 19
[21-Apr-2024 09:20:12 Europe/Berlin] PHP Warning:  Trying to access array offset on value of type null in C:\xampp\htdocs\INTI\Student\LeaveSubmit.php on line 19
