[25-May-2024 13:37:36 Europe/Berlin] PHP Warning:  Undefined variable $leave_applications in C:\xampp\htdocs\intizh\leavesystem\Staff\hop_dashboard.php on line 114
[25-May-2024 13:37:36 Europe/Berlin] PHP Warning:  foreach() argument must be of type array|object, null given in C:\xampp\htdocs\intizh\leavesystem\Staff\hop_dashboard.php on line 114
[25-May-2024 13:37:36 Europe/Berlin] PHP Warning:  Undefined variable $leave_applications in C:\xampp\htdocs\intizh\leavesystem\Staff\hop_dashboard.php on line 114
[25-May-2024 13:37:36 Europe/Berlin] PHP Warning:  foreach() argument must be of type array|object, null given in C:\xampp\htdocs\intizh\leavesystem\Staff\hop_dashboard.php on line 114
[25-May-2024 13:37:36 Europe/Berlin] PHP Warning:  Undefined variable $leave_applications in C:\xampp\htdocs\intizh\leavesystem\Staff\hop_dashboard.php on line 114
[25-May-2024 13:37:36 Europe/Berlin] PHP Warning:  foreach() argument must be of type array|object, null given in C:\xampp\htdocs\intizh\leavesystem\Staff\hop_dashboard.php on line 114
[25-May-2024 13:37:37 Europe/Berlin] PHP Warning:  Undefined variable $leave_applications in C:\xampp\htdocs\intizh\leavesystem\Staff\hop_dashboard.php on line 114
[25-May-2024 13:37:37 Europe/Berlin] PHP Warning:  foreach() argument must be of type array|object, null given in C:\xampp\htdocs\intizh\leavesystem\Staff\hop_dashboard.php on line 114
[25-May-2024 13:37:37 Europe/Berlin] PHP Warning:  Undefined variable $leave_applications in C:\xampp\htdocs\intizh\leavesystem\Staff\hop_dashboard.php on line 114
[25-May-2024 13:37:37 Europe/Berlin] PHP Warning:  foreach() argument must be of type array|object, null given in C:\xampp\htdocs\intizh\leavesystem\Staff\hop_dashboard.php on line 114
[25-May-2024 13:37:37 Europe/Berlin] PHP Warning:  Undefined variable $leave_applications in C:\xampp\htdocs\intizh\leavesystem\Staff\hop_dashboard.php on line 114
[25-May-2024 13:37:37 Europe/Berlin] PHP Warning:  foreach() argument must be of type array|object, null given in C:\xampp\htdocs\intizh\leavesystem\Staff\hop_dashboard.php on line 114
[25-May-2024 13:37:37 Europe/Berlin] PHP Warning:  Undefined variable $leave_applications in C:\xampp\htdocs\intizh\leavesystem\Staff\hop_dashboard.php on line 114
[25-May-2024 13:37:37 Europe/Berlin] PHP Warning:  foreach() argument must be of type array|object, null given in C:\xampp\htdocs\intizh\leavesystem\Staff\hop_dashboard.php on line 114
[25-May-2024 13:37:37 Europe/Berlin] PHP Warning:  Undefined variable $leave_applications in C:\xampp\htdocs\intizh\leavesystem\Staff\hop_dashboard.php on line 114
[25-May-2024 13:37:37 Europe/Berlin] PHP Warning:  foreach() argument must be of type array|object, null given in C:\xampp\htdocs\intizh\leavesystem\Staff\hop_dashboard.php on line 114
[25-May-2024 13:41:43 Europe/Berlin] PHP Warning:  Undefined variable $staffInfo in C:\xampp\htdocs\intizh\leavesystem\Staff\hop_dashboard.php on line 50
[25-May-2024 13:41:43 Europe/Berlin] PHP Warning:  Trying to access array offset on value of type null in C:\xampp\htdocs\intizh\leavesystem\Staff\hop_dashboard.php on line 50
[25-May-2024 13:41:43 Europe/Berlin] PHP Warning:  Undefined variable $staffInfo in C:\xampp\htdocs\intizh\leavesystem\Staff\hop_dashboard.php on line 55
[25-May-2024 13:41:43 Europe/Berlin] PHP Warning:  Trying to access array offset on value of type null in C:\xampp\htdocs\intizh\leavesystem\Staff\hop_dashboard.php on line 55
[25-May-2024 13:41:43 Europe/Berlin] PHP Warning:  Undefined variable $staffInfo in C:\xampp\htdocs\intizh\leavesystem\Staff\hop_dashboard.php on line 60
[25-May-2024 13:41:43 Europe/Berlin] PHP Warning:  Trying to access array offset on value of type null in C:\xampp\htdocs\intizh\leavesystem\Staff\hop_dashboard.php on line 60
[25-May-2024 13:41:43 Europe/Berlin] PHP Notice:  session_start(): Ignoring session_start() because a session is already active in C:\xampp\htdocs\intizh\leavesystem\Staff\hop_dashboard.php on line 77
